<?xml version="1.0" encoding="UTF-8"?>
<testng-results skipped="0" failed="0" total="1" passed="1">
  <reporter-output>
  </reporter-output>
  <suite name="test.PageFactory_TestCase" duration-ms="34350" started-at="2019-11-14T11:03:51Z" finished-at="2019-11-14T11:04:26Z">
    <groups>
    </groups>
    <test name="Command line test" duration-ms="34350" started-at="2019-11-14T11:03:51Z" finished-at="2019-11-14T11:04:26Z">
      <class name="test.PageFactory_TestCase">
        <test-method status="PASS" signature="beforeMethod()[pri:0, instance:test.PageFactory_TestCase@7823a2f9]" name="beforeMethod" duration-ms="34344" started-at="2019-11-14T16:33:51Z" finished-at="2019-11-14T16:34:26Z">
          <reporter-output>
          </reporter-output>
        </test-method> <!-- beforeMethod -->
      </class> <!-- test.PageFactory_TestCase -->
    </test> <!-- Command line test -->
  </suite> <!-- test.PageFactory_TestCase -->
</testng-results>
