<?xml version="1.0" encoding="UTF-8"?>
<testng-results skipped="0" failed="0" ignored="0" total="1" passed="1">
  <reporter-output>
  </reporter-output>
  <suite name="Default suite" duration-ms="127662" started-at="2019-11-14T10:59:25 IST" finished-at="2019-11-14T11:01:33 IST">
    <groups>
    </groups>
    <test name="Default test" duration-ms="127662" started-at="2019-11-14T10:59:25 IST" finished-at="2019-11-14T11:01:33 IST">
      <class name="test.PageFactory_TestCase">
        <test-method status="PASS" signature="beforeMethod()[pri:0, instance:test.PageFactory_TestCase@dd3b207]" name="beforeMethod" duration-ms="127630" started-at="2019-11-14T10:59:25 IST" finished-at="2019-11-14T11:01:33 IST">
          <reporter-output>
          </reporter-output>
        </test-method> <!-- beforeMethod -->
      </class> <!-- test.PageFactory_TestCase -->
    </test> <!-- Default test -->
  </suite> <!-- Default suite -->
</testng-results>
